0 info it worked if it ends with ok
1 verbose cli [ '/usr/bin/node', '/usr/bin/npm', 'start' ]
2 info using npm@1.3.24
3 info using node@v0.10.25
4 verbose node symlink /usr/bin/node
5 verbose run-script [ 'prestart', 'start', 'poststart' ]
6 info prestart TravelFoot@0.0.1
7 info start TravelFoot@0.0.1
8 verbose unsafe-perm in lifecycle true
9 info TravelFoot@0.0.1 Failed to exec start script
10 error TravelFoot@0.0.1 start: `coffee index.coffee`
10 error Exit status 1
11 error Failed at the TravelFoot@0.0.1 start script.
11 error This is most likely a problem with the TravelFoot package,
11 error not with npm itself.
11 error Tell the author that this fails on your system:
11 error     coffee index.coffee
11 error You can get their info via:
11 error     npm owner ls TravelFoot
11 error There is likely additional logging output above.
12 error System Linux 3.2.0-59-generic-pae
13 error command "/usr/bin/node" "/usr/bin/npm" "start"
14 error cwd /home/mov/Dev/github/TravelFoot
15 error node -v v0.10.25
16 error npm -v 1.3.24
17 error code ELIFECYCLE
18 verbose exit [ 1, true ]
